<?xml version="1.0" encoding="UTF-8"?>
<!-- Generated by org.testng.reporters.JUnitReportReporter -->
<testsuite skipped="0" hostname="DESKTOP-MDTLU6G" name="com.maven.commands.AppTest" tests="1" failures="0" timestamp="24 May 2020 13:28:21 GMT" time="0.042" errors="0">
  <testcase name="shouldAnswerWithTrue" time="0.042" classname="com.maven.commands.AppTest"/>
</testsuite> <!-- com.maven.commands.AppTest -->
